<?xml version="1.0" encoding="UTF-8"?>
<testsuite name="FlashcardsTest" tests="1" skipped="0" failures="0" errors="0" timestamp="2020-09-19T07:12:25" hostname="DESKTOP-0VRD21S" time="0.486">
  <properties/>
  <testcase name="start" classname="FlashcardsTest" time="0.486"/>
  <system-out><![CDATA[?[1;31m
Start test 1?[0m
Input the number of mappedCards:
> 2
The card #1:
> black
The definition of the card #1:
> white
The card #2:
> black
The card "black" already exists. Try again:
> red
The definition of the card #2:
> white
The definition "white" already exists. Try again:
> green
Print the definition of "black":
> white
Correct!
Print the definition of "red":
> green
Correct!
?[1;31m
Start test 2?[0m
Input the number of mappedCards:
> 2
The card #1:
> a brother of one's parent
The definition of the card #1:
> uncle
The card #2:
> a part of the body where the foot and the leg meet
The definition of the card #2:
> ankle
Print the definition of "a brother of one's parent":
> ankle
Wrong. The right answer is "uncle",but your definition is correct for "a part of the body where the foot and the leg meet"
Print the definition of "a part of the body where the foot and the leg meet":
> ???
Wrong. The right answer is "ankle",but your definition is correct for "null"
?[1;31m
Start test 3?[0m
Input the number of mappedCards:
> 4
The card #1:
> c1
The definition of the card #1:
> d1
The card #2:
> c2
The definition of the card #2:
> d2
The card #3:
> c3
The definition of the card #3:
> d3
The card #4:
> c3
The card "c3" already exists. Try again:
> c2
The card "c2" already exists. Try again:
> c1
The card "c1" already exists. Try again:
> c4
The definition of the card #4:
> d2
The definition "d2" already exists. Try again:
> d3
The definition "d3" already exists. Try again:
> d1
The definition "d1" already exists. Try again:
> d4
Print the definition of "c1":
> d1
Correct!
Print the definition of "c2":
> d1
Wrong. The right answer is "d2",but your definition is correct for "c1"
Print the definition of "c3":
> d3 ddd3
Wrong. The right answer is "d3",but your definition is correct for "null"
Print the definition of "c4":
> ???
Wrong. The right answer is "d4",but your definition is correct for "null"
]]></system-out>
  <system-err><![CDATA[]]></system-err>
</testsuite>
